BenchmarkRef	   2748707	763.64924 ns/op	670.46489 MB/s
BenchmarkLee	  20539003	102.25973 ns/op	5006.8583 MB/s
BenchmarkFuz	  60443604	34.742568 ns/op	14736.965 MB/s
BenchmarkRef	   2747951	764.15773 ns/op	670.01874 MB/s
BenchmarkLee	  20533270	102.2501 ns/op	5007.3299 MB/s
BenchmarkFuz	  60446145	34.736227 ns/op	14739.655 MB/s
BenchmarkRef	   2748263	764.13284 ns/op	670.04057 MB/s
BenchmarkLee	  20538896	102.25014 ns/op	5007.3281 MB/s
BenchmarkFuz	  60453924	34.734519 ns/op	14740.38 MB/s
BenchmarkRef	   2748325	764.13743 ns/op	670.03654 MB/s
BenchmarkLee	  20537231	102.25113 ns/op	5007.2798 MB/s
BenchmarkFuz	  60449723	34.739349 ns/op	14738.33 MB/s
BenchmarkRef	   2748194	764.09271 ns/op	670.07576 MB/s
BenchmarkLee	  20536657	102.25233 ns/op	5007.2209 MB/s
BenchmarkFuz	  60454494	34.742132 ns/op	14737.15 MB/s
BenchmarkRef	   2748237	764.15062 ns/op	670.02498 MB/s
BenchmarkLee	  20536621	102.24934 ns/op	5007.3671 MB/s
BenchmarkFuz	  60448530	34.736742 ns/op	14739.436 MB/s
BenchmarkRef	   2748254	764.05783 ns/op	670.10634 MB/s
BenchmarkLee	  20536920	102.24975 ns/op	5007.3471 MB/s
BenchmarkFuz	  60443086	34.742898 ns/op	14736.825 MB/s
BenchmarkRef	   2748349	764.19079 ns/op	669.98975 MB/s
BenchmarkLee	  20537471	102.24053 ns/op	5007.7986 MB/s
BenchmarkFuz	  60458177	34.731299 ns/op	14741.746 MB/s
BenchmarkRef	   2748268	764.16019 ns/op	670.01658 MB/s
BenchmarkLee	  20536980	102.25096 ns/op	5007.2878 MB/s
BenchmarkFuz	  60464351	34.738784 ns/op	14738.57 MB/s
BenchmarkRef	   2747932	764.24235 ns/op	669.94456 MB/s
BenchmarkLee	  20537411	102.24823 ns/op	5007.4215 MB/s
BenchmarkFuz	  60440286	34.739693 ns/op	14738.184 MB/s
BenchmarkRef	   2748489	764.13331 ns/op	670.04015 MB/s
BenchmarkLee	  20537459	102.25014 ns/op	5007.3282 MB/s
BenchmarkFuz	  60438213	34.748165 ns/op	14734.591 MB/s
BenchmarkRef	   2748019	764.16866 ns/op	670.00916 MB/s
BenchmarkLee	  20538728	102.24611 ns/op	5007.5256 MB/s
BenchmarkFuz	  60451694	34.749696 ns/op	14733.942 MB/s
BenchmarkRef	   2748299	764.09954 ns/op	670.06977 MB/s
BenchmarkLee	  20537243	102.24868 ns/op	5007.3996 MB/s
BenchmarkFuz	  60446612	34.743899 ns/op	14736.4 MB/s
BenchmarkRef	   2747891	764.28796 ns/op	669.90458 MB/s
BenchmarkLee	  20539482	102.24985 ns/op	5007.3422 MB/s
BenchmarkFuz	  60438213	34.741166 ns/op	14737.559 MB/s
BenchmarkRef	   2748270	764.11852 ns/op	670.05312 MB/s
BenchmarkLee	  20539446	102.25174 ns/op	5007.25 MB/s
BenchmarkFuz	  60442775	34.746039 ns/op	14735.493 MB/s
BenchmarkRef	   2747975	764.1274 ns/op	670.04533 MB/s
BenchmarkLee	  20539494	102.25086 ns/op	5007.2927 MB/s
BenchmarkFuz	  60435051	34.740518 ns/op	14737.834 MB/s
BenchmarkRef	   2747927	764.19606 ns/op	669.98513 MB/s
BenchmarkLee	  20539195	102.26102 ns/op	5006.7954 MB/s
BenchmarkFuz	  60457866	34.745305 ns/op	14735.804 MB/s
BenchmarkRef	   2747821	764.18915 ns/op	669.99119 MB/s
BenchmarkLee	  20538788	102.25384 ns/op	5007.1468 MB/s
BenchmarkFuz	  60441012	34.740302 ns/op	14737.926 MB/s
BenchmarkRef	   2748201	764.18865 ns/op	669.99163 MB/s
BenchmarkLee	  20536621	102.25202 ns/op	5007.236 MB/s
BenchmarkFuz	  60445212	34.740055 ns/op	14738.031 MB/s
BenchmarkRef	   2748141	764.13983 ns/op	670.03443 MB/s
BenchmarkLee	  20536429	102.25293 ns/op	5007.1916 MB/s
BenchmarkFuz	  60451331	34.740443 ns/op	14737.866 MB/s
