BenchmarkRef	    564101	3723.3367 ns/op	137.51107 MB/s
BenchmarkLee	   5360319	393.19686 ns/op	1302.1467 MB/s
BenchmarkFuz	  21875971	96.000582 ns/op	5333.301 MB/s
BenchmarkRef	    562997	3729.8658 ns/op	137.27036 MB/s
BenchmarkLee	   5405099	388.11687 ns/op	1319.1903 MB/s
BenchmarkFuz	  21874966	96.003842 ns/op	5333.1199 MB/s
BenchmarkRef	    563288	3728.3135 ns/op	137.32751 MB/s
BenchmarkLee	   5378666	390.31928 ns/op	1311.7466 MB/s
BenchmarkFuz	  21869082	96.011585 ns/op	5332.6898 MB/s
BenchmarkRef	    563397	3728.3529 ns/op	137.32606 MB/s
BenchmarkLee	   5374060	390.43733 ns/op	1311.35 MB/s
BenchmarkFuz	  21866456	96.018819 ns/op	5332.288 MB/s
BenchmarkRef	    564050	3725.4923 ns/op	137.4315 MB/s
BenchmarkLee	   5354678	392.0771 ns/op	1305.8656 MB/s
BenchmarkFuz	  21870260	96.010474 ns/op	5332.7515 MB/s
BenchmarkRef	    563356	3727.1198 ns/op	137.37149 MB/s
BenchmarkLee	   5364968	391.4103 ns/op	1308.0902 MB/s
BenchmarkFuz	  21875917	96.003274 ns/op	5333.1514 MB/s
BenchmarkRef	    563015	3729.8813 ns/op	137.26978 MB/s
BenchmarkLee	   5362930	391.86664 ns/op	1306.567 MB/s
BenchmarkFuz	  21875239	96.01337 ns/op	5332.5906 MB/s
BenchmarkRef	    563140	3726.8556 ns/op	137.38123 MB/s
BenchmarkLee	   5375912	390.61506 ns/op	1310.7534 MB/s
BenchmarkFuz	  21872221	96.010475 ns/op	5332.7514 MB/s
BenchmarkRef	    563556	3721.2463 ns/op	137.58831 MB/s
BenchmarkLee	   5340143	393.38858 ns/op	1301.5121 MB/s
BenchmarkFuz	  21875289	95.995906 ns/op	5333.5608 MB/s
BenchmarkRef	    563943	3723.2102 ns/op	137.51574 MB/s
BenchmarkLee	   5358100	393.08376 ns/op	1302.5214 MB/s
BenchmarkFuz	  21872354	96.010161 ns/op	5332.7689 MB/s
BenchmarkRef	    563073	3726.684 ns/op	137.38755 MB/s
BenchmarkLee	   5382900	389.66333 ns/op	1313.9548 MB/s
BenchmarkFuz	  21879241	96.0268 ns/op	5331.8449 MB/s
BenchmarkRef	    563108	3728.9993 ns/op	137.30225 MB/s
BenchmarkLee	   5381802	391.42074 ns/op	1308.0554 MB/s
BenchmarkFuz	  21872384	95.946213 ns/op	5336.3232 MB/s
BenchmarkRef	    563411	3727.7496 ns/op	137.34828 MB/s
BenchmarkLee	   5381983	389.87988 ns/op	1313.225 MB/s
BenchmarkFuz	  21838516	96.081529 ns/op	5328.8078 MB/s
BenchmarkRef	    563995	3728.0759 ns/op	137.33626 MB/s
BenchmarkLee	   5248945	401.15253 ns/op	1276.3225 MB/s
BenchmarkFuz	  21877402	95.997292 ns/op	5333.4838 MB/s
BenchmarkRef	    562963	3729.9508 ns/op	137.26722 MB/s
BenchmarkLee	   5345353	391.12285 ns/op	1309.0516 MB/s
BenchmarkFuz	  21873323	95.999643 ns/op	5333.3532 MB/s
BenchmarkRef	    563589	3726.1294 ns/op	137.408 MB/s
BenchmarkLee	   5374277	391.36999 ns/op	1308.225 MB/s
BenchmarkFuz	  21874327	96.009816 ns/op	5332.7881 MB/s
BenchmarkRef	    563348	3728.0725 ns/op	137.33638 MB/s
BenchmarkLee	   5328016	394.08512 ns/op	1299.2117 MB/s
BenchmarkFuz	  21871680	96.00453 ns/op	5333.0817 MB/s
BenchmarkRef	    563962	3728.7046 ns/op	137.3131 MB/s
BenchmarkLee	   5380873	390.96641 ns/op	1309.5754 MB/s
BenchmarkFuz	  21872778	96.01423 ns/op	5332.5429 MB/s
BenchmarkRef	    563294	3726.7504 ns/op	137.38511 MB/s
BenchmarkLee	   5367619	390.88363 ns/op	1309.8527 MB/s
BenchmarkFuz	  21874694	96.000665 ns/op	5333.2964 MB/s
BenchmarkRef	    563033	3729.5408 ns/op	137.28232 MB/s
BenchmarkLee	   5378529	389.21269 ns/op	1315.4761 MB/s
BenchmarkFuz	  21873074	96.048648 ns/op	5330.632 MB/s
