BenchmarkRef	    258267	8131.6932 ns/op	62.963517 MB/s
BenchmarkLee	   2353007	892.48566 ns/op	573.67869 MB/s
BenchmarkFuz	   7099107	295.80495 ns/op	1730.8703 MB/s
BenchmarkRef	    258167	8131.6241 ns/op	62.964052 MB/s
BenchmarkLee	   2353097	892.4528 ns/op	573.69981 MB/s
BenchmarkFuz	   7099919	295.78788 ns/op	1730.9702 MB/s
BenchmarkRef	    258149	8131.0057 ns/op	62.96884 MB/s
BenchmarkLee	   2353095	892.45568 ns/op	573.69796 MB/s
BenchmarkFuz	   7099868	295.78832 ns/op	1730.9676 MB/s
BenchmarkRef	    257781	8131.4643 ns/op	62.965289 MB/s
BenchmarkLee	   2353019	892.46368 ns/op	573.69281 MB/s
BenchmarkFuz	   7099576	295.78273 ns/op	1731.0003 MB/s
BenchmarkRef	    258261	8133.4387 ns/op	62.950005 MB/s
BenchmarkLee	   2352996	892.45626 ns/op	573.69759 MB/s
BenchmarkFuz	   7099301	295.79025 ns/op	1730.9563 MB/s
BenchmarkRef	    258237	8133.1103 ns/op	62.952546 MB/s
BenchmarkLee	   2353110	892.48526 ns/op	573.67894 MB/s
BenchmarkFuz	   7099828	295.79449 ns/op	1730.9315 MB/s
BenchmarkRef	    258114	8132.5577 ns/op	62.956823 MB/s
BenchmarkLee	   2353112	892.49343 ns/op	573.67369 MB/s
BenchmarkFuz	   7099398	295.78691 ns/op	1730.9759 MB/s
BenchmarkRef	    258253	8132.8813 ns/op	62.954318 MB/s
BenchmarkLee	   2353036	892.48826 ns/op	573.67702 MB/s
BenchmarkFuz	   7099782	295.80641 ns/op	1730.8618 MB/s
BenchmarkRef	    257839	8133.2847 ns/op	62.951196 MB/s
BenchmarkLee	   2352921	892.5221 ns/op	573.65526 MB/s
BenchmarkFuz	   7099759	295.78793 ns/op	1730.9699 MB/s
BenchmarkRef	    258254	8131.5875 ns/op	62.964335 MB/s
BenchmarkLee	   2352957	892.73795 ns/op	573.51656 MB/s
BenchmarkFuz	   7098992	295.79763 ns/op	1730.9131 MB/s
BenchmarkRef	    258262	8131.6376 ns/op	62.963947 MB/s
BenchmarkLee	   2352753	892.50125 ns/op	573.66866 MB/s
BenchmarkFuz	   7099576	295.79992 ns/op	1730.8997 MB/s
BenchmarkRef	    258257	8131.4195 ns/op	62.965636 MB/s
BenchmarkLee	   2352939	892.45875 ns/op	573.69598 MB/s
BenchmarkFuz	   7099782	295.78908 ns/op	1730.9631 MB/s
BenchmarkRef	    258253	8131.6655 ns/op	62.963731 MB/s
BenchmarkLee	   2353035	892.45846 ns/op	573.69617 MB/s
BenchmarkFuz	   7099662	295.77901 ns/op	1731.0221 MB/s
BenchmarkRef	    258130	8132.1079 ns/op	62.960306 MB/s
BenchmarkLee	   2353009	892.52697 ns/op	573.65213 MB/s
BenchmarkFuz	   7099370	295.79977 ns/op	1730.9006 MB/s
BenchmarkRef	    258111	8131.5713 ns/op	62.964461 MB/s
BenchmarkLee	   2352952	892.48272 ns/op	573.68058 MB/s
BenchmarkFuz	   7099604	295.79255 ns/op	1730.9428 MB/s
BenchmarkRef	    258236	8132.8939 ns/op	62.954221 MB/s
BenchmarkLee	   2352822	892.50101 ns/op	573.66882 MB/s
BenchmarkFuz	   7095612	295.80141 ns/op	1730.891 MB/s
BenchmarkRef	    258143	8133.1471 ns/op	62.952261 MB/s
BenchmarkLee	   2352993	892.45017 ns/op	573.7015 MB/s
BenchmarkFuz	   7099599	295.8084 ns/op	1730.8501 MB/s
BenchmarkRef	    258259	8133.3739 ns/op	62.950506 MB/s
BenchmarkLee	   2353071	892.48221 ns/op	573.6809 MB/s
BenchmarkFuz	   7099725	295.79639 ns/op	1730.9204 MB/s
BenchmarkRef	    258258	8133.4751 ns/op	62.949723 MB/s
BenchmarkLee	   2352771	892.56625 ns/op	573.62688 MB/s
BenchmarkFuz	   7099427	295.805 ns/op	1730.87 MB/s
BenchmarkRef	    258107	8133.4408 ns/op	62.949988 MB/s
BenchmarkLee	   2353066	892.44968 ns/op	573.70181 MB/s
BenchmarkFuz	   7099599	295.78502 ns/op	1730.9869 MB/s
