BenchmarkRef	    106361	19743.828 ns/op	25.932155 MB/s
BenchmarkLee	   1819610	1154.0118 ns/op	443.66963 MB/s
BenchmarkFuz	   3042287	690.28792 ns/op	741.71948 MB/s
BenchmarkRef	    106371	19741.913 ns/op	25.93467 MB/s
BenchmarkLee	   1820046	1153.8659 ns/op	443.72576 MB/s
BenchmarkFuz	   3042436	690.22869 ns/op	741.78313 MB/s
BenchmarkRef	    106370	19742.792 ns/op	25.933516 MB/s
BenchmarkLee	   1819162	1153.8349 ns/op	443.73765 MB/s
BenchmarkFuz	   3042428	690.24694 ns/op	741.76352 MB/s
BenchmarkRef	    106373	19742.478 ns/op	25.933928 MB/s
BenchmarkLee	   1819865	1153.9394 ns/op	443.69746 MB/s
BenchmarkFuz	   3042455	690.24415 ns/op	741.76651 MB/s
BenchmarkRef	    106371	19742.215 ns/op	25.934273 MB/s
BenchmarkLee	   1820026	1153.8025 ns/op	443.75014 MB/s
BenchmarkFuz	   3042482	690.23626 ns/op	741.775 MB/s
BenchmarkRef	    106371	19742.424 ns/op	25.933999 MB/s
BenchmarkLee	   1815907	1156.2668 ns/op	442.80436 MB/s
BenchmarkFuz	   3042317	690.23541 ns/op	741.77591 MB/s
BenchmarkRef	    106372	19764.578 ns/op	25.90493 MB/s
BenchmarkLee	   1819511	1154.0041 ns/op	443.6726 MB/s
BenchmarkFuz	   3042494	690.23495 ns/op	741.7764 MB/s
BenchmarkRef	    106363	19744.054 ns/op	25.931858 MB/s
BenchmarkLee	   1819814	1154.0989 ns/op	443.63615 MB/s
BenchmarkFuz	   3042189	690.28526 ns/op	741.72234 MB/s
BenchmarkRef	    106371	19741.828 ns/op	25.934782 MB/s
BenchmarkLee	   1820466	1153.8843 ns/op	443.71868 MB/s
BenchmarkFuz	   3042435	690.23481 ns/op	741.77655 MB/s
BenchmarkRef	    106370	19742.695 ns/op	25.933643 MB/s
BenchmarkLee	   1819960	1153.8187 ns/op	443.74387 MB/s
BenchmarkFuz	   3042405	690.22531 ns/op	741.78676 MB/s
BenchmarkRef	    106373	19742.196 ns/op	25.934298 MB/s
BenchmarkLee	   1819773	1153.9512 ns/op	443.69295 MB/s
BenchmarkFuz	   3042459	690.237 ns/op	741.7742 MB/s
BenchmarkRef	    106372	19742.235 ns/op	25.934248 MB/s
BenchmarkLee	   1819897	1153.8266 ns/op	443.74085 MB/s
BenchmarkFuz	   3042482	690.23329 ns/op	741.77819 MB/s
BenchmarkRef	    106366	19742.198 ns/op	25.934296 MB/s
BenchmarkLee	   1820307	1153.7737 ns/op	443.76119 MB/s
BenchmarkFuz	   3042319	690.22999 ns/op	741.78174 MB/s
BenchmarkRef	    106371	19742.318 ns/op	25.934138 MB/s
BenchmarkLee	   1819696	1153.9123 ns/op	443.7079 MB/s
BenchmarkFuz	   3039504	690.24216 ns/op	741.76865 MB/s
BenchmarkRef	    106365	19744.416 ns/op	25.931383 MB/s
BenchmarkLee	   1819807	1154.0496 ns/op	443.65511 MB/s
BenchmarkFuz	   3042249	690.28817 ns/op	741.71921 MB/s
BenchmarkRef	    106371	19742.194 ns/op	25.934301 MB/s
BenchmarkLee	   1820143	1153.6141 ns/op	443.82261 MB/s
BenchmarkFuz	   3042445	690.23583 ns/op	741.77546 MB/s
BenchmarkRef	    106369	19742.238 ns/op	25.934243 MB/s
BenchmarkLee	   1819926	1153.7425 ns/op	443.7732 MB/s
BenchmarkFuz	   3042418	690.22589 ns/op	741.78615 MB/s
BenchmarkRef	    106373	19742.24 ns/op	25.93424 MB/s
BenchmarkLee	   1820061	1153.7666 ns/op	443.76394 MB/s
BenchmarkFuz	   3042366	690.24032 ns/op	741.77063 MB/s
BenchmarkRef	    106370	19742.083 ns/op	25.934447 MB/s
BenchmarkLee	   1820036	1153.9692 ns/op	443.68602 MB/s
BenchmarkFuz	   3042426	690.23297 ns/op	741.77854 MB/s
BenchmarkRef	    106362	19743.715 ns/op	25.932303 MB/s
BenchmarkLee	   1820137	1154.0072 ns/op	443.6714 MB/s
BenchmarkFuz	   3042272	690.29232 ns/op	741.71476 MB/s
